<?xml version="1.0" encoding="UTF-8"?>
<!-- Generated by org.testng.reporters.JUnitReportReporter -->
<testsuite hostname="DESKTOP-5U4E5L3" failures="0" tests="3" name="TestNgDataProvider" time="0.027" errors="0" timestamp="2024-04-08T13:54:16 IST" skipped="0">
  <testcase classname="TestNgDataProvider" name="testcasedata" time="0.013"/>
  <system-out/>
  <testcase classname="TestNgDataProvider" name="testcasedata" time="0.011"/>
  <system-out/>
  <testcase classname="TestNgDataProvider" name="testcasedata" time="0.003"/>
  <system-out/>
</testsuite> <!-- TestNgDataProvider -->
