<?xml version="1.0" encoding="UTF-8"?>
<!-- Generated by org.testng.reporters.JUnitReportReporter -->
<testsuite hostname="DESKTOP-5U4E5L3" failures="0" tests="3" name="ExcelDataProviderIntegration" time="0.022" errors="0" timestamp="2024-04-08T14:47:38 IST" skipped="0">
  <testcase classname="ExcelDataProviderIntegration" name="testcasedata" time="0.010"/>
  <system-out/>
  <testcase classname="ExcelDataProviderIntegration" name="testcasedata" time="0.009"/>
  <system-out/>
  <testcase classname="ExcelDataProviderIntegration" name="testcasedata" time="0.003"/>
  <system-out/>
</testsuite> <!-- ExcelDataProviderIntegration -->
